{
  "RSpec": {
    "coverage": {
      "/Users/USER/Desktop/cp/bucketlist/app/models/bucketlist.rb": [
        1,
        1,
        1,
        null,
        1,
        null,
        1,
        19,
        null,
        null,
        1,
        23,
        23,
        23,
        null,
        null,
        1,
        23,
        23,
        23,
        null,
        null,
        1,
        21,
        21,
        null,
        null
      ],
      "/Users/USER/Desktop/cp/bucketlist/app/models/application_record.rb": [
        1,
        1,
        null
      ],
      "/Users/USER/Desktop/cp/bucketlist/app/models/item.rb": [
        1,
        1,
        null,
        1,
        1,
        null
      ],
      "/Users/USER/Desktop/cp/bucketlist/app/models/user.rb": [
        1,
        1,
        116,
        116,
        null,
        null,
        1,
        null,
        null,
        1,
        1,
        null,
        null,
        null,
        1,
        1,
        null,
        1,
        null
      ],
      "/Users/USER/Desktop/cp/bucketlist/app/controllers/api/v1/authentication_controller.rb": [
        1,
        1,
        1,
        1,
        46,
        46,
        45,
        45,
        null,
        1,
        null,
        null,
        null,
        1,
        2,
        1,
        null,
        null,
        1,
        null,
        null,
        null,
        null,
        null,
        1,
        3,
        1,
        1,
        null,
        null,
        null,
        null,
        null
      ],
      "/Users/USER/Desktop/cp/bucketlist/app/controllers/application_controller.rb": [
        1,
        1,
        null,
        1,
        46,
        46,
        null,
        null,
        1,
        55,
        null,
        null,
        1,
        55,
        40,
        null,
        15,
        null,
        15,
        null,
        null,
        null,
        1,
        40,
        39,
        null,
        1,
        1,
        null,
        null,
        null,
        1,
        118,
        null,
        null,
        1,
        190,
        null,
        null,
        1,
        95,
        null,
        null
      ],
      "/Users/USER/Desktop/cp/bucketlist/app/controllers/api/v1/bucketlists_controller.rb": [
        1,
        1,
        1,
        1,
        1,
        null,
        1,
        10,
        10,
        9,
        null,
        1,
        null,
        null,
        null,
        1,
        1,
        null,
        null,
        1,
        3,
        null,
        3,
        1,
        null,
        2,
        null,
        null,
        null,
        null,
        1,
        null,
        2,
        2,
        1,
        null,
        1,
        null,
        null,
        null,
        null,
        1,
        1,
        1,
        null,
        null,
        1,
        null,
        1,
        10,
        7,
        3,
        7,
        null,
        null,
        1,
        9,
        8,
        null,
        1,
        null,
        null,
        null,
        1,
        7,
        null,
        null,
        null,
        null
      ],
      "/Users/USER/Desktop/cp/bucketlist/app/serializers/bucketlist_serializer.rb": [
        1,
        1,
        null
      ],
      "/Users/USER/Desktop/cp/bucketlist/app/serializers/base_serializer.rb": [
        1,
        1,
        267,
        null,
        null,
        1,
        267,
        null,
        null,
        1,
        254,
        null,
        null
      ],
      "/Users/USER/Desktop/cp/bucketlist/app/controllers/api/v1/items_controller.rb": [
        1,
        1,
        1,
        1,
        1,
        null,
        1,
        2,
        2,
        1,
        null,
        1,
        null,
        null,
        null,
        1,
        1,
        null,
        null,
        1,
        2,
        null,
        2,
        1,
        null,
        1,
        null,
        null,
        null,
        null,
        1,
        2,
        1,
        null,
        null,
        1,
        1,
        null,
        null,
        null,
        1,
        1,
        1,
        null,
        null,
        1,
        null,
        1,
        22,
        17,
        null,
        17,
        11,
        null,
        6,
        null,
        6,
        null,
        null,
        null,
        1,
        7,
        3,
        7,
        null,
        null,
        1,
        14,
        null,
        null,
        1,
        7,
        null,
        null,
        null,
        null
      ],
      "/Users/USER/Desktop/cp/bucketlist/app/serializers/item_serializer.rb": [
        1,
        1,
        null
      ],
      "/Users/USER/Desktop/cp/bucketlist/app/controllers/api/v1/users_controller.rb": [
        1,
        1,
        1,
        1,
        2,
        2,
        1,
        1,
        null,
        1,
        null,
        null,
        null,
        1,
        null,
        1,
        2,
        null,
        null,
        null,
        null,
        null,
        null,
        null
      ]
    },
    "timestamp": 1477797020
  }
}
